{
  "0 debug pnpm:scope": {
    "selected": 1
  },
  "1 info pnpm": {
    "err": {
      "name": "Error",
      "message": "not found: intall",
      "code": "ENOENT",
      "stack": "Error: not found: intall\n    at getNotFoundError (/home/humza/.nvm/versions/node/v17.0.1/lib/node_modules/pnpm/dist/pnpm.cjs:48499:51)\n    at Function.whichSync [as sync] (/home/humza/.nvm/versions/node/v17.0.1/lib/node_modules/pnpm/dist/pnpm.cjs:48576:13)\n    at getCommandAbsolutePathSync (/home/humza/.nvm/versions/node/v17.0.1/lib/node_modules/pnpm/dist/pnpm.cjs:50141:44)\n    at default_1 (/home/humza/.nvm/versions/node/v17.0.1/lib/node_modules/pnpm/dist/pnpm.cjs:50150:32)\n    at /home/humza/.nvm/versions/node/v17.0.1/lib/node_modules/pnpm/dist/pnpm.cjs:129975:39"
    }
  },
  "2 error pnpm": {
    "code": "ERR_PNPM_RECURSIVE_EXEC_FIRST_FAIL",
    "prefix": "/home/humza/Documents/Apps/React/humza-ehmed",
    "err": {
      "name": "pnpm",
      "message": "not found: intall",
      "code": "ERR_PNPM_RECURSIVE_EXEC_FIRST_FAIL",
      "stack": "Error: not found: intall\n    at getNotFoundError (/home/humza/.nvm/versions/node/v17.0.1/lib/node_modules/pnpm/dist/pnpm.cjs:48499:51)\n    at Function.whichSync [as sync] (/home/humza/.nvm/versions/node/v17.0.1/lib/node_modules/pnpm/dist/pnpm.cjs:48576:13)\n    at getCommandAbsolutePathSync (/home/humza/.nvm/versions/node/v17.0.1/lib/node_modules/pnpm/dist/pnpm.cjs:50141:44)\n    at default_1 (/home/humza/.nvm/versions/node/v17.0.1/lib/node_modules/pnpm/dist/pnpm.cjs:50150:32)\n    at /home/humza/.nvm/versions/node/v17.0.1/lib/node_modules/pnpm/dist/pnpm.cjs:129975:39"
    }
  }
}